#
# There is insufficient memory for the Java Runtime Environment to continue.
# Native memory allocation (malloc) failed to allocate 507936 bytes for Chunk::new
# Possible reasons:
#   The system is out of physical RAM or swap space
#   The process is running with CompressedOops enabled, and the Java Heap may be blocking the growth of the native heap
# Possible solutions:
#   Reduce memory load on the system
#   Increase physical memory or swap space
#   Check if swap backing store is full
#   Decrease Java heap size (-Xmx/-Xms)
#   Decrease number of Java threads
#   Decrease Java thread stack sizes (-Xss)
#   Set larger code cache with -XX:ReservedCodeCacheSize=
#   JVM is running with Unscaled Compressed Oops mode in which the Java heap is
#     placed in the first 4GB address space. The Java Heap base address is the
#     maximum limit for the native heap growth. Please use -XX:HeapBaseMinAddress
#     to set the Java Heap base and to place the Java Heap above 4GB virtual address.
# This output file may be truncated or incomplete.
#
#  Out of Memory Error (./open/src/hotspot/share/memory/arena.cpp:197), pid=2620, tid=9388
#
# JRE version: Java(TM) SE Runtime Environment 18.9 (11.0.15+8) (build 11.0.15+8-LTS-149)
# Java VM: Java HotSpot(TM) 64-Bit Server VM 18.9 (11.0.15+8-LTS-149, mixed mode, tiered, compressed oops, g1 gc, windows-amd64)
# No core dump will be written. Minidumps are not enabled by default on client versions of Windows
#

---------------  S U M M A R Y ------------

Command Line: -ea -Didea.test.cyclic.buffer.size=1048576 -javaagent:C:\Program Files\JetBrains\IntelliJ IDEA Community Edition 2022.1.3\lib\idea_rt.jar=63040:C:\Program Files\JetBrains\IntelliJ IDEA Community Edition 2022.1.3\bin -Dfile.encoding=UTF-8 com.intellij.rt.testng.RemoteTestNGStarter -usedefaultlisteners false -socket63039 @w@C:\Users\Administrator\AppData\Local\Temp\idea_working_dirs_testng.tmp -temp C:\Users\Administrator\AppData\Local\Temp\idea_testng.tmp

Host: Intel(R) Core(TM) i5-4200M CPU @ 2.50GHz, 4 cores, 7G,  Windows 10 , 64 bit Build 19041 (10.0.19041.3570)
Time: Sat Oct 21 21:18:29 2023 Turkey Standard Time elapsed time: 2.350781 seconds (0d 0h 0m 2s)

---------------  T H R E A D  ---------------

Current thread (0x000002a36199f800):  JavaThread "C2 CompilerThread0" daemon [_thread_in_native, id=9388, stack(0x000000a3b5900000,0x000000a3b5a00000)]


Current CompileTask:
C2:   2350 1089       4       jdk.internal.org.objectweb.asm.Frame::execute (2264 bytes)

Stack: [0x000000a3b5900000,0x000000a3b5a00000]
Native frames: (J=compiled Java code, j=interpreted, Vv=VM code, C=native code)
V  [jvm.dll+0x629d8a]
V  [jvm.dll+0x7638ff]
V  [jvm.dll+0x764fa9]
V  [jvm.dll+0x765633]
V  [jvm.dll+0x23d9c8]
V  [jvm.dll+0xb2a1c]
V  [jvm.dll+0xb2fdc]
V  [jvm.dll+0x2ae744]
V  [jvm.dll+0x53d4c6]
V  [jvm.dll+0x20089d]
V  [jvm.dll+0x1fa64a]
V  [jvm.dll+0x1f762d]
V  [jvm.dll+0x177c51]
V  [jvm.dll+0x207026]
V  [jvm.dll+0x2051bb]
V  [jvm.dll+0x729820]
V  [jvm.dll+0x7223f4]
V  [jvm.dll+0x628c26]
C  [ucrtbase.dll+0x21bb2]
C  [KERNEL32.DLL+0x17344]
C  [ntdll.dll+0x526b1]


---------------  P R O C E S S  ---------------

Threads class SMR info:
_java_thread_list=0x000002a362c4ac20, length=11, elements={
0x000002a344278800, 0x000002a36197a000, 0x000002a36197c800, 0x000002a361997800,
0x000002a361998000, 0x000002a36199a000, 0x000002a36199f800, 0x000002a3619a5800,
0x000002a36235c000, 0x000002a362459800, 0x000002a362543000
}

Java Threads: ( => current thread )
  0x000002a344278800 JavaThread "main" [_thread_in_Java, id=11632, stack(0x000000a3b4c00000,0x000000a3b4d00000)]
  0x000002a36197a000 JavaThread "Reference Handler" daemon [_thread_blocked, id=10000, stack(0x000000a3b5300000,0x000000a3b5400000)]
  0x000002a36197c800 JavaThread "Finalizer" daemon [_thread_blocked, id=3332, stack(0x000000a3b5400000,0x000000a3b5500000)]
  0x000002a361997800 JavaThread "Signal Dispatcher" daemon [_thread_blocked, id=3984, stack(0x000000a3b5600000,0x000000a3b5700000)]
  0x000002a361998000 JavaThread "Attach Listener" daemon [_thread_blocked, id=10436, stack(0x000000a3b5700000,0x000000a3b5800000)]
  0x000002a36199a000 JavaThread "Service Thread" daemon [_thread_blocked, id=16368, stack(0x000000a3b5800000,0x000000a3b5900000)]
=>0x000002a36199f800 JavaThread "C2 CompilerThread0" daemon [_thread_in_native, id=9388, stack(0x000000a3b5900000,0x000000a3b5a00000)]
  0x000002a3619a5800 JavaThread "C1 CompilerThread0" daemon [_thread_blocked, id=16856, stack(0x000000a3b5a00000,0x000000a3b5b00000)]
  0x000002a36235c000 JavaThread "Sweeper thread" daemon [_thread_blocked, id=4544, stack(0x000000a3b5b00000,0x000000a3b5c00000)]
  0x000002a362459800 JavaThread "Common-Cleaner" daemon [_thread_blocked, id=11220, stack(0x000000a3b5c00000,0x000000a3b5d00000)]
  0x000002a362543000 JavaThread "Monitor Ctrl-Break" daemon [_thread_in_native, id=14832, stack(0x000000a3b5e00000,0x000000a3b5f00000)]

Other Threads:
  0x000002a361958000 VMThread "VM Thread" [stack: 0x000000a3b5200000,0x000000a3b5300000] [id=16932]
  0x000002a362544000 WatcherThread [stack: 0x000000a3b5f00000,0x000000a3b6000000] [id=14528]
  0x000002a34428e800 GCTaskThread "GC Thread#0" [stack: 0x000000a3b4d00000,0x000000a3b4e00000] [id=14116]
  0x000002a362c59000 GCTaskThread "GC Thread#1" [stack: 0x000000a3b6000000,0x000000a3b6100000] [id=12224]
  0x000002a362c5a000 GCTaskThread "GC Thread#2" [stack: 0x000000a3b6100000,0x000000a3b6200000] [id=5408]
  0x000002a3442bd800 ConcurrentGCThread "G1 Main Marker" [stack: 0x000000a3b4e00000,0x000000a3b4f00000] [id=15132]
  0x000002a3442bf800 ConcurrentGCThread "G1 Conc#0" [stack: 0x000000a3b4f00000,0x000000a3b5000000] [id=13976]
  0x000002a34434d800 ConcurrentGCThread "G1 Refine#0" [stack: 0x000000a3b5000000,0x000000a3b5100000] [id=6992]
  0x000002a3626c4800 ConcurrentGCThread "G1 Refine#1" [stack: 0x000000a3b6200000,0x000000a3b6300000] [id=11512]
  0x000002a3617c0800 ConcurrentGCThread "G1 Young RemSet Sampling" [stack: 0x000000a3b5100000,0x000000a3b5200000] [id=11428]

Threads with active compile tasks:
C2 CompilerThread0   2395 1089       4       jdk.internal.org.objectweb.asm.Frame::execute (2264 bytes)

VM state:not at safepoint (normal execution)

VM Mutex/Monitor currently owned by a thread: None

Heap address: 0x0000000081400000, size: 2028 MB, Compressed Oops mode: 32-bit
Narrow klass base: 0x0000000000000000, Narrow klass shift: 3
Compressed class space size: 1073741824 Address: 0x0000000100000000

Heap:
 garbage-first heap   total 131072K, used 7722K [0x0000000081400000, 0x0000000100000000)
  region size 1024K, 2 young (2048K), 1 survivors (1024K)
 Metaspace       used 12745K, capacity 13133K, committed 13312K, reserved 1060864K
  class space    used 1284K, capacity 1432K, committed 1536K, reserved 1048576K
Heap Regions: E=young(eden), S=young(survivor), O=old, HS=humongous(starts), HC=humongous(continues), CS=collection set, F=free, A=archive, TAMS=top-at-mark-start (previous, next)
|   0|0x0000000081400000, 0x0000000081500000, 0x0000000081500000|100%|HS|  |TAMS 0x0000000081400000, 0x0000000081400000| Complete 
|   1|0x0000000081500000, 0x0000000081600000, 0x0000000081600000|100%| O|  |TAMS 0x0000000081500000, 0x0000000081500000| Untracked 
|   2|0x0000000081600000, 0x0000000081700000, 0x0000000081700000|100%| O|  |TAMS 0x0000000081600000, 0x0000000081600000| Untracked 
|   3|0x0000000081700000, 0x0000000081800000, 0x0000000081800000|100%| O|  |TAMS 0x0000000081700000, 0x0000000081700000| Untracked 
|   4|0x0000000081800000, 0x0000000081900000, 0x0000000081900000|100%| O|  |TAMS 0x0000000081800000, 0x0000000081800000| Untracked 
|   5|0x0000000081900000, 0x0000000081a00000, 0x0000000081a00000|100%| O|  |TAMS 0x0000000081900000, 0x0000000081900000| Untracked 
|   6|0x0000000081a00000, 0x0000000081b00000, 0x0000000081b00000|100%| O|  |TAMS 0x0000000081a00000, 0x0000000081a00000| Untracked 
|   7|0x0000000081b00000, 0x0000000081b26000, 0x0000000081c00000| 14%| O|  |TAMS 0x0000000081b00000, 0x0000000081b00000| Untracked 
|   8|0x0000000081c00000, 0x0000000081c00000, 0x0000000081d00000|  0%| F|  |TAMS 0x0000000081c00000, 0x0000000081c00000| Untracked 
|   9|0x0000000081d00000, 0x0000000081d00000, 0x0000000081e00000|  0%| F|  |TAMS 0x0000000081d00000, 0x0000000081d00000| Untracked 
|  10|0x0000000081e00000, 0x0000000081e00000, 0x0000000081f00000|  0%| F|  |TAMS 0x0000000081e00000, 0x0000000081e00000| Untracked 
|  11|0x0000000081f00000, 0x0000000081f00000, 0x0000000082000000|  0%| F|  |TAMS 0x0000000081f00000, 0x0000000081f00000| Untracked 
|  12|0x0000000082000000, 0x0000000082000000, 0x0000000082100000|  0%| F|  |TAMS 0x0000000082000000, 0x0000000082000000| Untracked 
|  13|0x0000000082100000, 0x0000000082100000, 0x0000000082200000|  0%| F|  |TAMS 0x0000000082100000, 0x0000000082100000| Untracked 
|  14|0x0000000082200000, 0x0000000082200000, 0x0000000082300000|  0%| F|  |TAMS 0x0000000082200000, 0x0000000082200000| Untracked 
|  15|0x0000000082300000, 0x0000000082300000, 0x0000000082400000|  0%| F|  |TAMS 0x0000000082300000, 0x0000000082300000| Untracked 
|  16|0x0000000082400000, 0x0000000082400000, 0x0000000082500000|  0%| F|  |TAMS 0x0000000082400000, 0x0000000082400000| Untracked 
|  17|0x0000000082500000, 0x0000000082500000, 0x0000000082600000|  0%| F|  |TAMS 0x0000000082500000, 0x0000000082500000| Untracked 
|  18|0x0000000082600000, 0x0000000082600000, 0x0000000082700000|  0%| F|  |TAMS 0x0000000082600000, 0x0000000082600000| Untracked 
|  19|0x0000000082700000, 0x0000000082700000, 0x0000000082800000|  0%| F|  |TAMS 0x0000000082700000, 0x0000000082700000| Untracked 
|  20|0x0000000082800000, 0x0000000082800000, 0x0000000082900000|  0%| F|  |TAMS 0x0000000082800000, 0x0000000082800000| Untracked 
|  21|0x0000000082900000, 0x0000000082900000, 0x0000000082a00000|  0%| F|  |TAMS 0x0000000082900000, 0x0000000082900000| Untracked 
|  22|0x0000000082a00000, 0x0000000082a00000, 0x0000000082b00000|  0%| F|  |TAMS 0x0000000082a00000, 0x0000000082a00000| Untracked 
|  23|0x0000000082b00000, 0x0000000082b00000, 0x0000000082c00000|  0%| F|  |TAMS 0x0000000082b00000, 0x0000000082b00000| Untracked 
|  24|0x0000000082c00000, 0x0000000082c00000, 0x0000000082d00000|  0%| F|  |TAMS 0x0000000082c00000, 0x0000000082c00000| Untracked 
|  25|0x0000000082d00000, 0x0000000082d00000, 0x0000000082e00000|  0%| F|  |TAMS 0x0000000082d00000, 0x0000000082d00000| Untracked 
|  26|0x0000000082e00000, 0x0000000082e00000, 0x0000000082f00000|  0%| F|  |TAMS 0x0000000082e00000, 0x0000000082e00000| Untracked 
|  27|0x0000000082f00000, 0x0000000082f00000, 0x0000000083000000|  0%| F|  |TAMS 0x0000000082f00000, 0x0000000082f00000| Untracked 
|  28|0x0000000083000000, 0x0000000083000000, 0x0000000083100000|  0%| F|  |TAMS 0x0000000083000000, 0x0000000083000000| Untracked 
|  29|0x0000000083100000, 0x0000000083100000, 0x0000000083200000|  0%| F|  |TAMS 0x0000000083100000, 0x0000000083100000| Untracked 
|  30|0x0000000083200000, 0x0000000083200000, 0x0000000083300000|  0%| F|  |TAMS 0x0000000083200000, 0x0000000083200000| Untracked 
|  31|0x0000000083300000, 0x0000000083300000, 0x0000000083400000|  0%| F|  |TAMS 0x0000000083300000, 0x0000000083300000| Untracked 
|  32|0x0000000083400000, 0x0000000083400000, 0x0000000083500000|  0%| F|  |TAMS 0x0000000083400000, 0x0000000083400000| Untracked 
|  33|0x0000000083500000, 0x0000000083500000, 0x0000000083600000|  0%| F|  |TAMS 0x0000000083500000, 0x0000000083500000| Untracked 
|  34|0x0000000083600000, 0x0000000083600000, 0x0000000083700000|  0%| F|  |TAMS 0x0000000083600000, 0x0000000083600000| Untracked 
|  35|0x0000000083700000, 0x0000000083700000, 0x0000000083800000|  0%| F|  |TAMS 0x0000000083700000, 0x0000000083700000| Untracked 
|  36|0x0000000083800000, 0x0000000083800000, 0x0000000083900000|  0%| F|  |TAMS 0x0000000083800000, 0x0000000083800000| Untracked 
|  37|0x0000000083900000, 0x0000000083900000, 0x0000000083a00000|  0%| F|  |TAMS 0x0000000083900000, 0x0000000083900000| Untracked 
|  38|0x0000000083a00000, 0x0000000083a00000, 0x0000000083b00000|  0%| F|  |TAMS 0x0000000083a00000, 0x0000000083a00000| Untracked 
|  39|0x0000000083b00000, 0x0000000083b00000, 0x0000000083c00000|  0%| F|  |TAMS 0x0000000083b00000, 0x0000000083b00000| Untracked 
|  40|0x0000000083c00000, 0x0000000083c00000, 0x0000000083d00000|  0%| F|  |TAMS 0x0000000083c00000, 0x0000000083c00000| Untracked 
|  41|0x0000000083d00000, 0x0000000083d00000, 0x0000000083e00000|  0%| F|  |TAMS 0x0000000083d00000, 0x0000000083d00000| Untracked 
|  42|0x0000000083e00000, 0x0000000083e00000, 0x0000000083f00000|  0%| F|  |TAMS 0x0000000083e00000, 0x0000000083e00000| Untracked 
|  43|0x0000000083f00000, 0x0000000083f00000, 0x0000000084000000|  0%| F|  |TAMS 0x0000000083f00000, 0x0000000083f00000| Untracked 
|  44|0x0000000084000000, 0x0000000084000000, 0x0000000084100000|  0%| F|  |TAMS 0x0000000084000000, 0x0000000084000000| Untracked 
|  45|0x0000000084100000, 0x0000000084100000, 0x0000000084200000|  0%| F|  |TAMS 0x0000000084100000, 0x0000000084100000| Untracked 
|  46|0x0000000084200000, 0x0000000084200000, 0x0000000084300000|  0%| F|  |TAMS 0x0000000084200000, 0x0000000084200000| Untracked 
|  47|0x0000000084300000, 0x0000000084300000, 0x0000000084400000|  0%| F|  |TAMS 0x0000000084300000, 0x0000000084300000| Untracked 
|  48|0x0000000084400000, 0x0000000084400000, 0x0000000084500000|  0%| F|  |TAMS 0x0000000084400000, 0x0000000084400000| Untracked 
|  49|0x0000000084500000, 0x0000000084500000, 0x0000000084600000|  0%| F|  |TAMS 0x0000000084500000, 0x0000000084500000| Untracked 
|  50|0x0000000084600000, 0x0000000084600000, 0x0000000084700000|  0%| F|  |TAMS 0x0000000084600000, 0x0000000084600000| Untracked 
|  51|0x0000000084700000, 0x0000000084700000, 0x0000000084800000|  0%| F|  |TAMS 0x0000000084700000, 0x0000000084700000| Untracked 
|  52|0x0000000084800000, 0x0000000084800000, 0x0000000084900000|  0%| F|  |TAMS 0x0000000084800000, 0x0000000084800000| Untracked 
|  53|0x0000000084900000, 0x0000000084900000, 0x0000000084a00000|  0%| F|  |TAMS 0x0000000084900000, 0x0000000084900000| Untracked 
|  54|0x0000000084a00000, 0x0000000084a00000, 0x0000000084b00000|  0%| F|  |TAMS 0x0000000084a00000, 0x0000000084a00000| Untracked 
|  55|0x0000000084b00000, 0x0000000084b00000, 0x0000000084c00000|  0%| F|  |TAMS 0x0000000084b00000, 0x0000000084b00000| Untracked 
|  56|0x0000000084c00000, 0x0000000084c00000, 0x0000000084d00000|  0%| F|  |TAMS 0x0000000084c00000, 0x0000000084c00000| Untracked 
|  57|0x0000000084d00000, 0x0000000084d00000, 0x0000000084e00000|  0%| F|  |TAMS 0x0000000084d00000, 0x0000000084d00000| Untracked 
|  58|0x0000000084e00000, 0x0000000084e00000, 0x0000000084f00000|  0%| F|  |TAMS 0x0000000084e00000, 0x0000000084e00000| Untracked 
|  59|0x0000000084f00000, 0x0000000084f00000, 0x0000000085000000|  0%| F|  |TAMS 0x0000000084f00000, 0x0000000084f00000| Untracked 
|  60|0x0000000085000000, 0x0000000085000000, 0x0000000085100000|  0%| F|  |TAMS 0x0000000085000000, 0x0000000085000000| Untracked 
|  61|0x0000000085100000, 0x0000000085100000, 0x0000000085200000|  0%| F|  |TAMS 0x0000000085100000, 0x0000000085100000| Untracked 
|  62|0x0000000085200000, 0x0000000085200000, 0x0000000085300000|  0%| F|  |TAMS 0x0000000085200000, 0x0000000085200000| Untracked 
|  63|0x0000000085300000, 0x0000000085300000, 0x0000000085400000|  0%| F|  |TAMS 0x0000000085300000, 0x0000000085300000| Untracked 
|  64|0x0000000085400000, 0x0000000085400000, 0x0000000085500000|  0%| F|  |TAMS 0x0000000085400000, 0x0000000085400000| Untracked 
|  65|0x0000000085500000, 0x0000000085500000, 0x0000000085600000|  0%| F|  |TAMS 0x0000000085500000, 0x0000000085500000| Untracked 
|  66|0x0000000085600000, 0x0000000085600000, 0x0000000085700000|  0%| F|  |TAMS 0x0000000085600000, 0x0000000085600000| Untracked 
|  67|0x0000000085700000, 0x0000000085700000, 0x0000000085800000|  0%| F|  |TAMS 0x0000000085700000, 0x0000000085700000| Untracked 
|  68|0x0000000085800000, 0x0000000085800000, 0x0000000085900000|  0%| F|  |TAMS 0x0000000085800000, 0x0000000085800000| Untracked 
|  69|0x0000000085900000, 0x0000000085900000, 0x0000000085a00000|  0%| F|  |TAMS 0x0000000085900000, 0x0000000085900000| Untracked 
|  70|0x0000000085a00000, 0x0000000085a00000, 0x0000000085b00000|  0%| F|  |TAMS 0x0000000085a00000, 0x0000000085a00000| Untracked 
|  71|0x0000000085b00000, 0x0000000085b00000, 0x0000000085c00000|  0%| F|  |TAMS 0x0000000085b00000, 0x0000000085b00000| Untracked 
|  72|0x0000000085c00000, 0x0000000085c00000, 0x0000000085d00000|  0%| F|  |TAMS 0x0000000085c00000, 0x0000000085c00000| Untracked 
|  73|0x0000000085d00000, 0x0000000085d00000, 0x0000000085e00000|  0%| F|  |TAMS 0x0000000085d00000, 0x0000000085d00000| Untracked 
|  74|0x0000000085e00000, 0x0000000085e00000, 0x0000000085f00000|  0%| F|  |TAMS 0x0000000085e00000, 0x0000000085e00000| Untracked 
|  75|0x0000000085f00000, 0x0000000085f00000, 0x0000000086000000|  0%| F|  |TAMS 0x0000000085f00000, 0x0000000085f00000| Untracked 
|  76|0x0000000086000000, 0x0000000086000000, 0x0000000086100000|  0%| F|  |TAMS 0x0000000086000000, 0x0000000086000000| Untracked 
|  77|0x0000000086100000, 0x0000000086100000, 0x0000000086200000|  0%| F|  |TAMS 0x0000000086100000, 0x0000000086100000| Untracked 
|  78|0x0000000086200000, 0x0000000086200000, 0x0000000086300000|  0%| F|  |TAMS 0x0000000086200000, 0x0000000086200000| Untracked 
|  79|0x0000000086300000, 0x0000000086300000, 0x0000000086400000|  0%| F|  |TAMS 0x0000000086300000, 0x0000000086300000| Untracked 
|  80|0x0000000086400000, 0x0000000086400000, 0x0000000086500000|  0%| F|  |TAMS 0x0000000086400000, 0x0000000086400000| Untracked 
|  81|0x0000000086500000, 0x0000000086500000, 0x0000000086600000|  0%| F|  |TAMS 0x0000000086500000, 0x0000000086500000| Untracked 
|  82|0x0000000086600000, 0x0000000086600000, 0x0000000086700000|  0%| F|  |TAMS 0x0000000086600000, 0x0000000086600000| Untracked 
|  83|0x0000000086700000, 0x0000000086700000, 0x0000000086800000|  0%| F|  |TAMS 0x0000000086700000, 0x0000000086700000| Untracked 
|  84|0x0000000086800000, 0x0000000086800000, 0x0000000086900000|  0%| F|  |TAMS 0x0000000086800000, 0x0000000086800000| Untracked 
|  85|0x0000000086900000, 0x0000000086900000, 0x0000000086a00000|  0%| F|  |TAMS 0x0000000086900000, 0x0000000086900000| Untracked 
|  86|0x0000000086a00000, 0x0000000086a00000, 0x0000000086b00000|  0%| F|  |TAMS 0x0000000086a00000, 0x0000000086a00000| Untracked 
|  87|0x0000000086b00000, 0x0000000086b00000, 0x0000000086c00000|  0%| F|  |TAMS 0x0000000086b00000, 0x0000000086b00000| Untracked 
|  88|0x0000000086c00000, 0x0000000086c00000, 0x0000000086d00000|  0%| F|  |TAMS 0x0000000086c00000, 0x0000000086c00000| Untracked 
|  89|0x0000000086d00000, 0x0000000086d00000, 0x0000000086e00000|  0%| F|  |TAMS 0x0000000086d00000, 0x0000000086d00000| Untracked 
|  90|0x0000000086e00000, 0x0000000086e00000, 0x0000000086f00000|  0%| F|  |TAMS 0x0000000086e00000, 0x0000000086e00000| Untracked 
|  91|0x0000000086f00000, 0x0000000086f00000, 0x0000000087000000|  0%| F|  |TAMS 0x0000000086f00000, 0x0000000086f00000| Untracked 
|  92|0x0000000087000000, 0x0000000087000000, 0x0000000087100000|  0%| F|  |TAMS 0x0000000087000000, 0x0000000087000000| Untracked 
|  93|0x0000000087100000, 0x0000000087100000, 0x0000000087200000|  0%| F|  |TAMS 0x0000000087100000, 0x0000000087100000| Untracked 
|  94|0x0000000087200000, 0x0000000087200000, 0x0000000087300000|  0%| F|  |TAMS 0x0000000087200000, 0x0000000087200000| Untracked 
|  95|0x0000000087300000, 0x0000000087300000, 0x0000000087400000|  0%| F|  |TAMS 0x0000000087300000, 0x0000000087300000| Untracked 
|  96|0x0000000087400000, 0x0000000087400000, 0x0000000087500000|  0%| F|  |TAMS 0x0000000087400000, 0x0000000087400000| Untracked 
|  97|0x0000000087500000, 0x0000000087500000, 0x0000000087600000|  0%| F|  |TAMS 0x0000000087500000, 0x0000000087500000| Untracked 
|  98|0x0000000087600000, 0x0000000087600000, 0x0000000087700000|  0%| F|  |TAMS 0x0000000087600000, 0x0000000087600000| Untracked 
|  99|0x0000000087700000, 0x0000000087700000, 0x0000000087800000|  0%| F|  |TAMS 0x0000000087700000, 0x0000000087700000| Untracked 
| 100|0x0000000087800000, 0x0000000087800000, 0x0000000087900000|  0%| F|  |TAMS 0x0000000087800000, 0x0000000087800000| Untracked 
| 101|0x0000000087900000, 0x0000000087900000, 0x0000000087a00000|  0%| F|  |TAMS 0x0000000087900000, 0x0000000087900000| Untracked 
| 102|0x0000000087a00000, 0x0000000087a00000, 0x0000000087b00000|  0%| F|  |TAMS 0x0000000087a00000, 0x0000000087a00000| Untracked 
| 103|0x0000000087b00000, 0x0000000087b00000, 0x0000000087c00000|  0%| F|  |TAMS 0x0000000087b00000, 0x0000000087b00000| Untracked 
| 104|0x0000000087c00000, 0x0000000087c00000, 0x0000000087d00000|  0%| F|  |TAMS 0x0000000087c00000, 0x0000000087c00000| Untracked 
| 105|0x0000000087d00000, 0x0000000087d00000, 0x0000000087e00000|  0%| F|  |TAMS 0x0000000087d00000, 0x0000000087d00000| Untracked 
| 106|0x0000000087e00000, 0x0000000087e00000, 0x0000000087f00000|  0%| F|  |TAMS 0x0000000087e00000, 0x0000000087e00000| Untracked 
| 107|0x0000000087f00000, 0x0000000087f00000, 0x0000000088000000|  0%| F|  |TAMS 0x0000000087f00000, 0x0000000087f00000| Untracked 
| 108|0x0000000088000000, 0x0000000088000000, 0x0000000088100000|  0%| F|  |TAMS 0x0000000088000000, 0x0000000088000000| Untracked 
| 109|0x0000000088100000, 0x0000000088100000, 0x0000000088200000|  0%| F|  |TAMS 0x0000000088100000, 0x0000000088100000| Untracked 
| 110|0x0000000088200000, 0x0000000088200000, 0x0000000088300000|  0%| F|  |TAMS 0x0000000088200000, 0x0000000088200000| Untracked 
| 111|0x0000000088300000, 0x0000000088300000, 0x0000000088400000|  0%| F|  |TAMS 0x0000000088300000, 0x0000000088300000| Untracked 
| 112|0x0000000088400000, 0x0000000088400000, 0x0000000088500000|  0%| F|  |TAMS 0x0000000088400000, 0x0000000088400000| Untracked 
| 113|0x0000000088500000, 0x0000000088500000, 0x0000000088600000|  0%| F|  |TAMS 0x0000000088500000, 0x0000000088500000| Untracked 
| 114|0x0000000088600000, 0x0000000088600000, 0x0000000088700000|  0%| F|  |TAMS 0x0000000088600000, 0x0000000088600000| Untracked 
| 115|0x0000000088700000, 0x0000000088700000, 0x0000000088800000|  0%| F|  |TAMS 0x0000000088700000, 0x0000000088700000| Untracked 
| 116|0x0000000088800000, 0x0000000088800000, 0x0000000088900000|  0%| F|  |TAMS 0x0000000088800000, 0x0000000088800000| Untracked 
| 117|0x0000000088900000, 0x0000000088900000, 0x0000000088a00000|  0%| F|  |TAMS 0x0000000088900000, 0x0000000088900000| Untracked 
| 118|0x0000000088a00000, 0x0000000088a00000, 0x0000000088b00000|  0%| F|  |TAMS 0x0000000088a00000, 0x0000000088a00000| Untracked 
| 119|0x0000000088b00000, 0x0000000088b00000, 0x0000000088c00000|  0%| F|  |TAMS 0x0000000088b00000, 0x0000000088b00000| Untracked 
| 120|0x0000000088c00000, 0x0000000088c00000, 0x0000000088d00000|  0%| F|  |TAMS 0x0000000088c00000, 0x0000000088c00000| Untracked 
| 121|0x0000000088d00000, 0x0000000088d00000, 0x0000000088e00000|  0%| F|  |TAMS 0x0000000088d00000, 0x0000000088d00000| Untracked 
| 122|0x0000000088e00000, 0x0000000088e00000, 0x0000000088f00000|  0%| F|  |TAMS 0x0000000088e00000, 0x0000000088e00000| Untracked 
| 123|0x0000000088f00000, 0x0000000088f64b10, 0x0000000089000000| 39%| S|CS|TAMS 0x0000000088f00000, 0x0000000088f00000| Complete 
| 124|0x0000000089000000, 0x0000000089000000, 0x0000000089100000|  0%| F|  |TAMS 0x0000000089000000, 0x0000000089000000| Untracked 
| 125|0x0000000089100000, 0x0000000089100000, 0x0000000089200000|  0%| F|  |TAMS 0x0000000089100000, 0x0000000089100000| Untracked 
| 126|0x0000000089200000, 0x0000000089200000, 0x0000000089300000|  0%| F|  |TAMS 0x0000000089200000, 0x0000000089200000| Untracked 
| 127|0x0000000089300000, 0x00000000893f6888, 0x0000000089400000| 96%| E|  |TAMS 0x0000000089300000, 0x0000000089300000| Complete 

Card table byte_map: [0x000002a35ad20000,0x000002a35b120000] _byte_map_base: 0x000002a35a916000

Marking Bits (Prev, Next): (CMBitMap*) 0x000002a3442b49f8, (CMBitMap*) 0x000002a3442b4a30
 Prev Bits: [0x000002a35b520000, 0x000002a35d4d0000)
 Next Bits: [0x000002a35d4d0000, 0x000002a35f480000)

Polling page: 0x000002a342060000

Metaspace:

Usage:
  Non-class:     11.43 MB capacity,    11.19 MB ( 98%) used,   208.45 KB (  2%) free+waste,    32.13 KB ( <1%) overhead. 
      Class:      1.40 MB capacity,     1.25 MB ( 90%) used,   130.84 KB (  9%) free+waste,    16.56 KB (  1%) overhead. 
       Both:     12.83 MB capacity,    12.45 MB ( 97%) used,   339.30 KB (  3%) free+waste,    48.69 KB ( <1%) overhead. 

Virtual space:
  Non-class space:       12.00 MB reserved,      11.50 MB ( 96%) committed 
      Class space:        1.00 GB reserved,       1.50 MB ( <1%) committed 
             Both:        1.01 GB reserved,      13.00 MB (  1%) committed 

Chunk freelists:
   Non-Class:  1.38 KB
       Class:  0 bytes
        Both:  1.38 KB

CodeHeap 'non-profiled nmethods': size=120064Kb used=342Kb max_used=342Kb free=119721Kb
 bounds [0x000002a3533e0000, 0x000002a353650000, 0x000002a35a920000]
CodeHeap 'profiled nmethods': size=120000Kb used=1986Kb max_used=1986Kb free=118014Kb
 bounds [0x000002a34beb0000, 0x000002a34c120000, 0x000002a3533e0000]
CodeHeap 'non-nmethods': size=5696Kb used=1100Kb max_used=1111Kb free=4595Kb
 bounds [0x000002a34b920000, 0x000002a34bb90000, 0x000002a34beb0000]
 total_blobs=1540 nmethods=1127 adapters=325
 compilation: enabled
              stopped_count=0, restarted_count=0
 full_count=0

Compilation events (10 events):
Event: 2.333 Thread 0x000002a3619a5800 nmethod 1103 0x000002a34c08ab10 code [0x000002a34c08aca0, 0x000002a34c08ad98]
Event: 2.333 Thread 0x000002a3619a5800 1104       3       jdk.internal.org.objectweb.asm.MethodWriter::getSize (838 bytes)
Event: 2.337 Thread 0x000002a3619a5800 nmethod 1104 0x000002a34c08ae10 code [0x000002a34c08b2a0, 0x000002a34c08d188]
Event: 2.337 Thread 0x000002a3619a5800 1105       3       jdk.internal.org.objectweb.asm.MethodWriter::put (1602 bytes)
Event: 2.344 Thread 0x000002a3619a5800 nmethod 1105 0x000002a34c08df10 code [0x000002a34c08e7e0, 0x000002a34c091b98]
Event: 2.344 Thread 0x000002a3619a5800 1107       3       java.lang.invoke.MemberName::<init> (25 bytes)
Event: 2.344 Thread 0x000002a3619a5800 nmethod 1107 0x000002a34c093190 code [0x000002a34c093360, 0x000002a34c093588]
Event: 2.344 Thread 0x000002a3619a5800 1108       3       java.lang.invoke.BoundMethodHandle$Specializer$Factory::chooseFieldName (25 bytes)
Event: 2.345 Thread 0x000002a3619a5800 nmethod 1108 0x000002a34c093690 code [0x000002a34c093980, 0x000002a34c094658]
Event: 2.346 Thread 0x000002a3619a5800 1114       3       java.lang.invoke.MethodHandles$Lookup::restrictProtectedReceiver (51 bytes)

GC Heap History (4 events):
Event: 1.385 GC heap before
{Heap before GC invocations=0 (full 0):
 garbage-first heap   total 131072K, used 15360K [0x0000000081400000, 0x0000000100000000)
  region size 1024K, 14 young (14336K), 0 survivors (0K)
 Metaspace       used 11165K, capacity 11416K, committed 11776K, reserved 1060864K
  class space    used 1081K, capacity 1166K, committed 1280K, reserved 1048576K
}
Event: 1.394 GC heap after
{Heap after GC invocations=1 (full 0):
 garbage-first heap   total 131072K, used 7552K [0x0000000081400000, 0x0000000100000000)
  region size 1024K, 2 young (2048K), 2 survivors (2048K)
 Metaspace       used 11165K, capacity 11416K, committed 11776K, reserved 1060864K
  class space    used 1081K, capacity 1166K, committed 1280K, reserved 1048576K
}
Event: 2.318 GC heap before
{Heap before GC invocations=1 (full 0):
 garbage-first heap   total 131072K, used 11648K [0x0000000081400000, 0x0000000100000000)
  region size 1024K, 6 young (6144K), 2 survivors (2048K)
 Metaspace       used 12602K, capacity 12929K, committed 13184K, reserved 1060864K
  class space    used 1265K, capacity 1407K, committed 1408K, reserved 1048576K
}
Event: 2.322 GC heap after
{Heap after GC invocations=2 (full 0):
 garbage-first heap   total 131072K, used 7722K [0x0000000081400000, 0x0000000100000000)
  region size 1024K, 1 young (1024K), 1 survivors (1024K)
 Metaspace       used 12602K, capacity 12929K, committed 13184K, reserved 1060864K
  class space    used 1265K, capacity 1407K, committed 1408K, reserved 1048576K
}

Deoptimization events (10 events):
Event: 1.174 Thread 0x000002a361998000 Uncommon trap: reason=unstable_if action=reinterpret pc=0x000002a3533e15f0 method=java.lang.String.isLatin1()Z @ 10 c2
Event: 1.194 Thread 0x000002a344278800 Uncommon trap: reason=bimorphic_or_optimized_type_check action=maybe_recompile pc=0x000002a3533eae94 method=java.util.AbstractCollection.isEmpty()Z @ 1 c2
Event: 1.195 Thread 0x000002a344278800 Uncommon trap: reason=bimorphic_or_optimized_type_check action=maybe_recompile pc=0x000002a3533eae94 method=java.util.AbstractCollection.isEmpty()Z @ 1 c2
Event: 1.204 Thread 0x000002a344278800 Uncommon trap: reason=bimorphic_or_optimized_type_check action=maybe_recompile pc=0x000002a3533eae94 method=java.util.AbstractCollection.isEmpty()Z @ 1 c2
Event: 1.204 Thread 0x000002a344278800 Uncommon trap: reason=bimorphic_or_optimized_type_check action=maybe_recompile pc=0x000002a3533eae94 method=java.util.AbstractCollection.isEmpty()Z @ 1 c2
Event: 1.221 Thread 0x000002a361998000 Uncommon trap: reason=unstable_if action=reinterpret pc=0x000002a3533eb828 method=java.lang.String.equals(Ljava/lang/Object;)Z @ 27 c2
Event: 1.362 Thread 0x000002a344278800 Uncommon trap: reason=unstable_if action=reinterpret pc=0x000002a3533f7760 method=java.io.WinNTFileSystem.isSlash(C)Z @ 9 c2
Event: 1.363 Thread 0x000002a344278800 Uncommon trap: reason=bimorphic_or_optimized_type_check action=maybe_recompile pc=0x000002a353407ea8 method=java.util.HashMap.getNode(ILjava/lang/Object;)Ljava/util/HashMap$Node; @ 59 c2
Event: 1.400 Thread 0x000002a344278800 Uncommon trap: reason=bimorphic_or_optimized_type_check action=maybe_recompile pc=0x000002a353407ea8 method=java.util.HashMap.getNode(ILjava/lang/Object;)Ljava/util/HashMap$Node; @ 59 c2
Event: 1.418 Thread 0x000002a344278800 Uncommon trap: reason=unstable_if action=reinterpret pc=0x000002a3534029e0 method=java.lang.String.startsWith(Ljava/lang/String;I)Z @ 1 c2

Classes redefined (0 events):
No events

Internal exceptions (10 events):
Event: 1.424 Thread 0x000002a344278800 Exception <a 'java/lang/NoSuchMethodError'{0x000000008937e730}: java.lang.invoke.DirectMethodHandle$Holder.invokeStaticInit(Ljava/lang/Object;IIII)Ljava/lang/Object;> (0x000000008937e730) thrown at [./open/src/hotspot/share/interpreter/linkResolver.cpp, l
Event: 1.810 Thread 0x000002a344278800 Exception <a 'java/lang/NoSuchMethodError'{0x00000000893ae930}: java.lang.invoke.DirectMethodHandle$Holder.invokeStaticInit(Ljava/lang/Object;Ljava/lang/Object;IIII)Ljava/lang/Object;> (0x00000000893ae930) thrown at [./open/src/hotspot/share/interpreter/l
Event: 2.025 Thread 0x000002a344278800 Exception <a 'java/lang/NoSuchMethodError'{0x00000000892b7348}: java.lang.invoke.DirectMethodHandle$Holder.invokeInterface(Ljava/lang/Object;Ljava/lang/Object;)I> (0x00000000892b7348) thrown at [./open/src/hotspot/share/interpreter/linkResolver.cpp, line 
Event: 2.071 Thread 0x000002a344278800 Exception <a 'java/lang/NoSuchMethodError'{0x00000000892e6568}: java.lang.invoke.DirectMethodHandle$Holder.invokeVirtual(Ljava/lang/Object;Ljava/lang/Object;)I> (0x00000000892e6568) thrown at [./open/src/hotspot/share/interpreter/linkResolver.cpp, line 77
Event: 2.145 Thread 0x000002a344278800 Exception <a 'java/lang/NoSuchMethodError'{0x00000000891a9550}: java.lang.invoke.DirectMethodHandle$Holder.invokeSpecial(Ljava/lang/Object;Ljava/lang/Object;Ljava/lang/Object;ILjava/lang/Object;)Ljava/lang/Object;> (0x00000000891a9550) thrown at [./open/s
Event: 2.148 Thread 0x000002a344278800 Exception <a 'java/lang/NoSuchMethodError'{0x00000000891b35f0}: java.lang.invoke.Invokers$Holder.linkToTargetMethod(Ljava/lang/Object;ILjava/lang/Object;Ljava/lang/Object;)Ljava/lang/Object;> (0x00000000891b35f0) thrown at [./open/src/hotspot/share/interp
Event: 2.178 Thread 0x000002a344278800 Exception <a 'java/lang/NoSuchMethodError'{0x00000000891f0658}: java.lang.invoke.DirectMethodHandle$Holder.invokeStaticInit(Ljava/lang/Object;Ljava/lang/Object;Ljava/lang/Object;)I> (0x00000000891f0658) thrown at [./open/src/hotspot/share/interpreter/link
Event: 2.232 Thread 0x000002a344278800 Exception <a 'java/lang/NoSuchMethodError'{0x000000008908d030}: java.lang.invoke.DirectMethodHandle$Holder.invokeStatic(Ljava/lang/Object;Ljava/lang/Object;Ljava/lang/Object;Ljava/lang/Object;Ljava/lang/Object;Ljava/lang/Object;Ljava/lang/Object;Ljava/lan
Event: 2.235 Thread 0x000002a344278800 Exception <a 'java/lang/NoSuchMethodError'{0x0000000089099608}: java.lang.invoke.DirectMethodHandle$Holder.invokeStatic(Ljava/lang/Object;Ljava/lang/Object;Ljava/lang/Object;Ljava/lang/Object;Ljava/lang/Object;Ljava/lang/Object;Ljava/lang/Object;Ljava/lan
Event: 2.245 Thread 0x000002a344278800 Exception <a 'java/lang/NoSuchMethodError'{0x00000000890a5f58}: java.lang.invoke.DirectMethodHandle$Holder.invokeStatic(Ljava/lang/Object;Ljava/lang/Object;Ljava/lang/Object;Ljava/lang/Object;Ljava/lang/Object;Ljava/lang/Object;Ljava/lang/Object;Ljava/lan

Events (10 events):
Event: 2.311 loading class java/lang/invoke/BoundMethodHandle$Species_LLLLLLLLLI
Event: 2.311 loading class java/lang/invoke/BoundMethodHandle$Species_LLLLLLLLLI done
Event: 2.318 Executing VM operation: G1CollectForAllocation
Event: 2.322 Executing VM operation: G1CollectForAllocation done
Event: 2.335 loading class java/lang/invoke/BoundMethodHandle$Species_LLLLLLLLLII
Event: 2.335 loading class java/lang/invoke/BoundMethodHandle$Species_LLLLLLLLLII done
Event: 2.342 loading class java/lang/invoke/BoundMethodHandle$Species_LLLLLLLLLIIL
Event: 2.342 loading class java/lang/invoke/BoundMethodHandle$Species_LLLLLLLLLIIL done
Event: 2.345 loading class java/lang/invoke/BoundMethodHandle$Species_LLLLLLLLLIILL
Event: 2.345 loading class java/lang/invoke/BoundMethodHandle$Species_LLLLLLLLLIILL done


Dynamic libraries:
0x00007ff748110000 - 0x00007ff74811f000 	C:\Program Files\Java\jdk-11.0.15\bin\java.exe
0x00007ffbc7e70000 - 0x00007ffbc8067000 	C:\WINDOWS\SYSTEM32\ntdll.dll
0x00007ffbc6400000 - 0x00007ffbc64bd000 	C:\WINDOWS\System32\KERNEL32.DLL
0x00007ffbc5bd0000 - 0x00007ffbc5ec6000 	C:\WINDOWS\System32\KERNELBASE.dll
0x00007ffbc55e0000 - 0x00007ffbc56e0000 	C:\WINDOWS\System32\ucrtbase.dll
0x00007ffba9d50000 - 0x00007ffba9d68000 	C:\Program Files\Java\jdk-11.0.15\bin\jli.dll
0x00007ffbc7400000 - 0x00007ffbc74ae000 	C:\WINDOWS\System32\ADVAPI32.dll
0x00007ffbc6910000 - 0x00007ffbc69ae000 	C:\WINDOWS\System32\msvcrt.dll
0x00007ffbc6670000 - 0x00007ffbc670c000 	C:\WINDOWS\System32\sechost.dll
0x00007ffbc6120000 - 0x00007ffbc6246000 	C:\WINDOWS\System32\RPCRT4.dll
0x00007ffbc5ed0000 - 0x00007ffbc606e000 	C:\WINDOWS\System32\USER32.dll
0x00007ffbc5ba0000 - 0x00007ffbc5bc2000 	C:\WINDOWS\System32\win32u.dll
0x00007ffbc7510000 - 0x00007ffbc753c000 	C:\WINDOWS\System32\GDI32.dll
0x00007ffbc5920000 - 0x00007ffbc5a3a000 	C:\WINDOWS\System32\gdi32full.dll
0x00007ffbc57d0000 - 0x00007ffbc586d000 	C:\WINDOWS\System32\msvcp_win.dll
0x00007ffba9d30000 - 0x00007ffba9d45000 	C:\Program Files\Java\jdk-11.0.15\bin\VCRUNTIME140.dll
0x00007ffbb5490000 - 0x00007ffbb572a000 	C:\WINDOWS\WinSxS\amd64_microsoft.windows.common-controls_6595b64144ccf1df_6.0.19041.3570_none_60bb2a3971f3e41a\COMCTL32.dll
0x00007ffbb7720000 - 0x00007ffbb772a000 	C:\WINDOWS\SYSTEM32\VERSION.dll
0x00007ffbc6e20000 - 0x00007ffbc6e50000 	C:\WINDOWS\System32\IMM32.DLL
0x00007ffba9c90000 - 0x00007ffba9d2b000 	C:\Program Files\Java\jdk-11.0.15\bin\msvcp140.dll
0x00007ffba9170000 - 0x00007ffba9c86000 	C:\Program Files\Java\jdk-11.0.15\bin\server\jvm.dll
0x00007ffbc72f0000 - 0x00007ffbc72f8000 	C:\WINDOWS\System32\PSAPI.DLL
0x00007ffbacfe0000 - 0x00007ffbacfe9000 	C:\WINDOWS\SYSTEM32\WSOCK32.dll
0x00007ffbc7d60000 - 0x00007ffbc7dcb000 	C:\WINDOWS\System32\WS2_32.dll
0x00007ffbaa6b0000 - 0x00007ffbaa6d7000 	C:\WINDOWS\SYSTEM32\WINMM.dll
0x00007ffbc33f0000 - 0x00007ffbc3402000 	C:\WINDOWS\SYSTEM32\kernel.appcore.dll
0x00007ffba8fd0000 - 0x00007ffba8fe0000 	C:\Program Files\Java\jdk-11.0.15\bin\verify.dll
0x00007ffbacdf0000 - 0x00007ffbacfd4000 	C:\WINDOWS\SYSTEM32\DBGHELP.DLL
0x00007ffbacdb0000 - 0x00007ffbacde4000 	C:\WINDOWS\SYSTEM32\dbgcore.DLL
0x00007ffbc5550000 - 0x00007ffbc55d2000 	C:\WINDOWS\System32\bcryptPrimitives.dll
0x00007ffba8fa0000 - 0x00007ffba8fc8000 	C:\Program Files\Java\jdk-11.0.15\bin\java.dll
0x00007ffba8f90000 - 0x00007ffba8f9a000 	C:\Program Files\Java\jdk-11.0.15\bin\jimage.dll
0x00007ffbbffa0000 - 0x00007ffbbffae000 	C:\Program Files\Java\jdk-11.0.15\bin\instrument.dll
0x00007ffba8ed0000 - 0x00007ffba8ee6000 	C:\Program Files\Java\jdk-11.0.15\bin\zip.dll
0x00007ffbc7610000 - 0x00007ffbc7d54000 	C:\WINDOWS\System32\SHELL32.dll
0x00007ffbc35f0000 - 0x00007ffbc3d8b000 	C:\WINDOWS\SYSTEM32\windows.storage.dll
0x00007ffbc6f10000 - 0x00007ffbc7264000 	C:\WINDOWS\System32\combase.dll
0x00007ffbc4f90000 - 0x00007ffbc4fbd000 	C:\WINDOWS\SYSTEM32\Wldp.dll
0x00007ffbc6070000 - 0x00007ffbc611d000 	C:\WINDOWS\System32\SHCORE.dll
0x00007ffbc68b0000 - 0x00007ffbc6905000 	C:\WINDOWS\System32\shlwapi.dll
0x00007ffbc5480000 - 0x00007ffbc54a5000 	C:\WINDOWS\SYSTEM32\profapi.dll
0x00007ffba89e0000 - 0x00007ffba89f9000 	C:\Program Files\Java\jdk-11.0.15\bin\net.dll
0x00007ffbb7780000 - 0x00007ffbb788a000 	C:\WINDOWS\SYSTEM32\WINHTTP.dll
0x00007ffbc4cf0000 - 0x00007ffbc4d5a000 	C:\WINDOWS\system32\mswsock.dll
0x00007ffba89c0000 - 0x00007ffba89d2000 	C:\Program Files\Java\jdk-11.0.15\bin\nio.dll
0x00007ffbb9e30000 - 0x00007ffbb9e4a000 	C:\Program Files\JetBrains\IntelliJ IDEA Community Edition 2022.1.3\bin\breakgen64.dll
0x00007ffbc4ef0000 - 0x00007ffbc4f08000 	C:\WINDOWS\SYSTEM32\CRYPTSP.dll
0x00007ffbc4590000 - 0x00007ffbc45c4000 	C:\WINDOWS\system32\rsaenh.dll
0x00007ffbc5730000 - 0x00007ffbc5757000 	C:\WINDOWS\System32\bcrypt.dll
0x00007ffbc5400000 - 0x00007ffbc542e000 	C:\WINDOWS\SYSTEM32\USERENV.dll
0x00007ffbc4ee0000 - 0x00007ffbc4eec000 	C:\WINDOWS\SYSTEM32\CRYPTBASE.dll
0x00007ffbc4990000 - 0x00007ffbc49cb000 	C:\WINDOWS\SYSTEM32\IPHLPAPI.DLL
0x00007ffbc6f00000 - 0x00007ffbc6f08000 	C:\WINDOWS\System32\NSI.dll
0x00007ffbb7b20000 - 0x00007ffbb7b37000 	C:\WINDOWS\SYSTEM32\dhcpcsvc6.DLL
0x00007ffbbbcb0000 - 0x00007ffbbbccd000 	C:\WINDOWS\SYSTEM32\dhcpcsvc.DLL
0x00007ffbc49d0000 - 0x00007ffbc4a9a000 	C:\WINDOWS\SYSTEM32\DNSAPI.dll

dbghelp: loaded successfully - version: 4.0.5 - missing functions: none
symbol engine: initialized successfully - sym options: 0x614 - pdb path: .;C:\Program Files\Java\jdk-11.0.15\bin;C:\WINDOWS\SYSTEM32;C:\WINDOWS\WinSxS\amd64_microsoft.windows.common-controls_6595b64144ccf1df_6.0.19041.3570_none_60bb2a3971f3e41a;C:\Program Files\Java\jdk-11.0.15\bin\server;C:\Program Files\JetBrains\IntelliJ IDEA Community Edition 2022.1.3\bin

VM Arguments:
jvm_args: -ea -Didea.test.cyclic.buffer.size=1048576 -javaagent:C:\Program Files\JetBrains\IntelliJ IDEA Community Edition 2022.1.3\lib\idea_rt.jar=63040:C:\Program Files\JetBrains\IntelliJ IDEA Community Edition 2022.1.3\bin -Dfile.encoding=UTF-8 
java_command: com.intellij.rt.testng.RemoteTestNGStarter -usedefaultlisteners false -socket63039 @w@C:\Users\Administrator\AppData\Local\Temp\idea_working_dirs_testng.tmp -temp C:\Users\Administrator\AppData\Local\Temp\idea_testng.tmp
java_class_path (initial): C:\Program Files\JetBrains\IntelliJ IDEA Community Edition 2022.1.3\lib\idea_rt.jar;C:\Program Files\JetBrains\IntelliJ IDEA Community Edition 2022.1.3\plugins\testng\lib\testng-rt.jar;C:\Users\Administrator\Desktop\BATCH 179-180 QA ENG\IdeaProjects\mytestNGproject\target\test-classes;C:\Users\Administrator\.m2\repository\org\testng\testng\7.8.0\testng-7.8.0.jar;C:\Users\Administrator\.m2\repository\org\slf4j\slf4j-api\1.7.36\slf4j-api-1.7.36.jar;C:\Users\Administrator\.m2\repository\com\beust\jcommander\1.82\jcommander-1.82.jar;C:\Users\Administrator\.m2\repository\org\webjars\jquery\3.6.1\jquery-3.6.1.jar;C:\Users\Administrator\.m2\repository\org\seleniumhq\selenium\selenium-java\4.14.1\selenium-java-4.14.1.jar;C:\Users\Administrator\.m2\repository\org\seleniumhq\selenium\selenium-api\4.14.1\selenium-api-4.14.1.jar;C:\Users\Administrator\.m2\repository\org\seleniumhq\selenium\selenium-chrome-driver\4.14.1\selenium-chrome-driver-4.14.1.jar;C:\Users\Administrator\.m2\repository\com\google\auto\service\auto-service-annotations\1.1.1\auto-service-annotations-1.1.1.jar;C:\Users\Administrator\.m2\repository\com\google\guava\guava\32.1.2-jre\guava-32.1.2-jre.jar;C:\Users\Administrator\.m2\repository\com\google\guava\failureaccess\1.0.1\failureaccess-1.0.1.jar;C:\Users\Administrator\.m2\repository\com\google\guava\listenablefuture\9999.0-empty-to-avoid-conflict-with-guava\listenablefuture-9999.0-empty-to-avoid-conflict-with-guava.jar;C:\Users\Administrator\.m2\repository\com\google\code\findbugs\jsr305\3.0.2\jsr305-3.0.2.jar;C:\Users\Administrator\.m2\repository\org\checkerframework\checker-qual\3.33.0\checker-qual-3.33.0.jar;C:\Users\Administrator\.m2\repository\com\google\errorprone\error_prone_annotations\2.18.0\error_prone_annotations-2.18.0.jar;C:\Users\Administrator\.m2\repository\com\google\j2objc\j2objc-annotations\2.8\j2objc-annotations-2.8.jar;C:\Users\Administrator\.m2\repository\org\seleniumhq\selenium\selenium-chromium-driver\4.14
Launcher Type: SUN_STANDARD

[Global flags]
     intx CICompilerCount                          = 3                                         {product} {ergonomic}
     uint ConcGCThreads                            = 1                                         {product} {ergonomic}
     uint G1ConcRefinementThreads                  = 4                                         {product} {ergonomic}
   size_t G1HeapRegionSize                         = 1048576                                   {product} {ergonomic}
    uintx GCDrainStackTargetSize                   = 64                                        {product} {ergonomic}
   size_t InitialHeapSize                          = 134217728                                 {product} {ergonomic}
   size_t MarkStackSize                            = 4194304                                   {product} {ergonomic}
   size_t MaxHeapSize                              = 2126512128                                {product} {ergonomic}
   size_t MaxNewSize                               = 1275068416                                {product} {ergonomic}
   size_t MinHeapDeltaBytes                        = 1048576                                   {product} {ergonomic}
    uintx NonNMethodCodeHeapSize                   = 5830732                                {pd product} {ergonomic}
    uintx NonProfiledCodeHeapSize                  = 122913754                              {pd product} {ergonomic}
    uintx ProfiledCodeHeapSize                     = 122913754                              {pd product} {ergonomic}
    uintx ReservedCodeCacheSize                    = 251658240                              {pd product} {ergonomic}
     bool SegmentedCodeCache                       = true                                      {product} {ergonomic}
     bool UseCompressedClassPointers               = true                                 {lp64_product} {ergonomic}
     bool UseCompressedOops                        = true                                 {lp64_product} {ergonomic}
     bool UseG1GC                                  = true                                      {product} {ergonomic}
     bool UseLargePagesIndividualAllocation        = false                                  {pd product} {ergonomic}

Logging:
Log output configuration:
 #0: stdout all=warning uptime,level,tags
 #1: stderr all=off uptime,level,tags

Environment Variables:
JAVA_HOME=C:\Program Files\Java\jdk-11.0.15
PATH=C:\Program Files\Common Files\Oracle\Java\javapath;C:\WINDOWS\system32;C:\WINDOWS;C:\WINDOWS\System32\Wbem;C:\WINDOWS\System32\WindowsPowerShell\v1.0\;C:\WINDOWS\System32\OpenSSH\;C:\Program Files (x86)\nodejs\;C:\Program Files\apache-maven-3.8.6-bin\apache-maven-3.8.6\bin;C:\Users\KUBRA\AppData\Local\Android\Sdk\tools;C:\Users\KUBRA\AppData\Local\Android\Sdk\platform-tools;C:\Program Files\Git\cmd;C:\Program Files (x86)\GitExtensions\;C:\Program Files\dotnet\;C:\Program Files\PostgreSQL\15\bin;C:\Users\Administrator\AppData\Local\Microsoft\WindowsApps;C:\Program Files\PostgreSQL\15\bin;;C:\Users\Administrator\AppData\Local\Programs\Microsoft VS Code\bin
USERNAME=Administrator
OS=Windows_NT
PROCESSOR_IDENTIFIER=Intel64 Family 6 Model 60 Stepping 3, GenuineIntel



---------------  S Y S T E M  ---------------

OS: Windows 10 , 64 bit Build 19041 (10.0.19041.3570)

CPU:total 4 (initial active 4) (2 cores per cpu, 2 threads per core) family 6 model 60 stepping 3 microcode 0x27, cmov, cx8, fxsr, mmx, sse, sse2, sse3, ssse3, sse4.1, sse4.2, popcnt, avx, avx2, aes, clmul, erms, lzcnt, ht, tsc, tscinvbit, bmi1, bmi2, fma

Memory: 4k page, system-wide physical 8104M (1424M free)
TotalPageFile size 20248M (AvailPageFile size 4M)
current process WorkingSet (physical memory assigned to process): 77M, peak: 77M
current process commit charge ("private bytes"): 216M, peak: 216M

vm_info: Java HotSpot(TM) 64-Bit Server VM (11.0.15+8-LTS-149) for windows-amd64 JRE (11.0.15+8-LTS-149), built on Mar  9 2022 22:42:32 by "mach5one" with MS VC++ 15.9 (VS2017)

END.
